<?xml version="1.0" encoding="UTF-8"?>
<!-- Generated by org.testng.reporters.JUnitReportReporter -->
<testsuite hostname="APD-1" failures="0" tests="1" name="com.target.webDriver.LogInTest" time="0.015" errors="0" timestamp="2023-11-14T18:56:51 EST" skipped="0">
  <testcase classname="com.target.webDriver.LogInTest" name="logintest" time="0.015"/>
</testsuite> <!-- com.target.webDriver.LogInTest -->
