<?xml version="1.0" encoding="UTF-8"?>
<!-- Generated by org.testng.reporters.JUnitReportReporter -->
<testsuite hostname="APD-1" failures="0" tests="1" name="com.target.webDriver.OpenChrome" time="0.015" errors="0" timestamp="2023-11-02T18:01:27 EDT" skipped="0">
  <testcase classname="com.target.webDriver.OpenChrome" name="openChromeBrowser" time="0.015"/>
  <system-out/>
</testsuite> <!-- com.target.webDriver.OpenChrome -->
