<?xml version="1.0" encoding="UTF-8"?>
<!-- Generated by org.testng.reporters.JUnitReportReporter -->
<testsuite hostname="APD-1" failures="0" tests="1" name="com.target.TargetTest" time="0.012" errors="0" timestamp="2023-11-02T16:04:03 EDT" skipped="0">
  <testcase classname="com.target.TargetTest" name="appTest" time="0.012"/>
  <system-out/>
</testsuite> <!-- com.target.TargetTest -->
