<?xml version="1.0" encoding="UTF-8"?>
<!-- Generated by org.testng.reporters.JUnitReportReporter -->
<testsuite hostname="APD-1" failures="0" tests="1" name="com.target.webDriver.GetTitleAndUrl" time="6.396" errors="0" timestamp="2023-11-07T22:40:39 EST" skipped="0">
  <testcase classname="com.target.webDriver.GetTitleAndUrl" name="titleAndUrl" time="6.396"/>
</testsuite> <!-- com.target.webDriver.GetTitleAndUrl -->
