<?xml version="1.0" encoding="UTF-8"?>
<!-- Generated by org.testng.reporters.JUnitReportReporter -->
<testsuite hostname="APD-1" failures="0" tests="3" name="com.target.webDriver.HowToOpenApplication" time="14.377" errors="0" timestamp="2023-11-07T17:31:05 EST" skipped="0">
  <testcase classname="com.target.webDriver.HowToOpenApplication" name="openEdge" time="4.558"/>
  <testcase classname="com.target.webDriver.HowToOpenApplication" name="openFirefox" time="6.273"/>
  <testcase classname="com.target.webDriver.HowToOpenApplication" name="openChrome" time="3.546"/>
</testsuite> <!-- com.target.webDriver.HowToOpenApplication -->
