<?xml version="1.0" encoding="UTF-8"?>
<!-- Generated by org.testng.reporters.JUnitReportReporter -->
<testsuite hostname="APD-1" failures="0" tests="1" name="com.target.webDriver.HowToCloseApplication" time="5.738" errors="0" timestamp="2023-11-07T17:38:10 EST" skipped="0">
  <testcase classname="com.target.webDriver.HowToCloseApplication" name="openAndClose" time="5.738"/>
</testsuite> <!-- com.target.webDriver.HowToCloseApplication -->
